<?xml version="1.0" encoding="UTF-8"?>
<beans xmlns="http://www.springframework.org/schema/beans"
	xmlns:xsi="http://www.w3.org/2001/XMLSchema-instance"
	xmlns:aop="http://www.springframework.org/schema/aop"
	xmlns:tx="http://www.springframework.org/schema/tx"
	xmlns:jdbc="http://www.springframework.org/schema/jdbc"
	xsi:schemaLocation="http://www.springframework.org/schema/jdbc http://www.springframework.org/schema/jdbc/spring-jdbc.xsd
		http://www.springframework.org/schema/beans http://www.springframework.org/schema/beans/spring-beans.xsd
		http://www.springframework.org/schema/aop http://www.springframework.org/schema/aop/spring-aop.xsd
		http://www.springframework.org/schema/tx http://www.springframework.org/schema/tx/spring-tx.xsd">

	<!-- sql Service -->
	<bean id="sqlService" class="com.jcomdot.simplemvc.user.sqlservice.OxmSqlService">
		<property name="unmarshaller" ref="unmarshaller" />
		<property name="sqlmap" value="classpath:com/jcomdot/simplemvc/sqlmap.xml" />
		<property name="sqlRegistry" ref="sqlRegistry" />
	</bean>
	<bean id="sqlRegistry" class="com.jcomdot.simplemvc.user.sqlservice.updatable.EmbeddedDbSqlRegistry">
		<property name="dataSource" ref="embeddedDatabase" />
	</bean>
	<jdbc:embedded-database id="embeddedDatabase" type="HSQL">
		<jdbc:script location="classpath:com/jcomdot/simplemvc/user/sqlservice/updatable/sqlRegistrySchema.sql" />
	</jdbc:embedded-database>
	<bean id="unmarshaller" class="org.springframework.oxm.jaxb.Jaxb2Marshaller">
		<property name="contextPath" value="com.jcomdot.simplemvc.user.sqlservice.jaxb" />
	</bean>

	<!-- aop -->
	<tx:annotation-driven />

	<!-- application components -->
	<bean id="userDao" class="com.jcomdot.simplemvc.UserDaoJdbc">
		<property name="dataSource" ref="dataSource" />
		<property name="sqlService" ref="sqlService" />
	</bean>
	
	<bean id="userService" class="com.jcomdot.simplemvc.UserServiceImpl">
		<property name="userDao" ref="userDao" />
		<property name="userLevelUpgradePolicy" ref="userLevelUpgradePolicy" />
		<property name="mailSender" ref="mailSender" />
	</bean>

	<bean id="testUserService" class="com.jcomdot.simplemvc.UserServiceTest$TestUserService" parent="userService" />

	<bean id="userLevelUpgradePolicy" class="com.jcomdot.simplemvc.UserLevelUpgradePolicyImpl">
		<property name="userDao" ref="userDao" />
	</bean>
	
	<bean id="mailSender" class="com.jcomdot.simplemvc.DummyMailSender" />
</beans>
